Traceback (most recent call last):
  File "/export/home/asifali/Noise_math_data/sft/sft_train.py", line 21, in <module>
    from trl import SFTTrainer, SFTConfig
ModuleNotFoundError: No module named 'trl'
Traceback (most recent call last):
  File "/export/home/asifali/anaconda3/envs/Reasoning360/lib/python3.12/site-packages/hydra/_internal/config_loader_impl.py", line 390, in _apply_overrides_to_config
    OmegaConf.update(cfg, key, value, merge=True)
  File "/export/home/asifali/anaconda3/envs/Reasoning360/lib/python3.12/site-packages/omegaconf/omegaconf.py", line 741, in update
    root.__setattr__(last_key, value)
  File "/export/home/asifali/anaconda3/envs/Reasoning360/lib/python3.12/site-packages/omegaconf/dictconfig.py", line 337, in __setattr__
    raise e
  File "/export/home/asifali/anaconda3/envs/Reasoning360/lib/python3.12/site-packages/omegaconf/dictconfig.py", line 334, in __setattr__
    self.__set_impl(key, value)
  File "/export/home/asifali/anaconda3/envs/Reasoning360/lib/python3.12/site-packages/omegaconf/dictconfig.py", line 318, in __set_impl
    self._set_item_impl(key, value)
  File "/export/home/asifali/anaconda3/envs/Reasoning360/lib/python3.12/site-packages/omegaconf/basecontainer.py", line 549, in _set_item_impl
    self._validate_set(key, value)
  File "/export/home/asifali/anaconda3/envs/Reasoning360/lib/python3.12/site-packages/omegaconf/dictconfig.py", line 180, in _validate_set
    target = self._get_node(key) if key is not None else self
             ^^^^^^^^^^^^^^^^^^^
  File "/export/home/asifali/anaconda3/envs/Reasoning360/lib/python3.12/site-packages/omegaconf/dictconfig.py", line 475, in _get_node
    self._validate_get(key)
  File "/export/home/asifali/anaconda3/envs/Reasoning360/lib/python3.12/site-packages/omegaconf/dictconfig.py", line 164, in _validate_get
    self._format_and_raise(
  File "/export/home/asifali/anaconda3/envs/Reasoning360/lib/python3.12/site-packages/omegaconf/base.py", line 231, in _format_and_raise
    format_and_raise(
  File "/export/home/asifali/anaconda3/envs/Reasoning360/lib/python3.12/site-packages/omegaconf/_utils.py", line 899, in format_and_raise
    _raise(ex, cause)
  File "/export/home/asifali/anaconda3/envs/Reasoning360/lib/python3.12/site-packages/omegaconf/_utils.py", line 797, in _raise
    raise ex.with_traceback(sys.exc_info()[2])  # set env var OC_CAUSE=1 for full trace
    ^^^^^^^^^^^^^^^^^^^^^^^^^^^^^^^^^^^^^^^^^^
omegaconf.errors.ConfigAttributeError: Key 'lora_adapter_path' is not in struct
    full_key: actor_rollout_ref.model.lora_adapter_path
    object_type=dict

The above exception was the direct cause of the following exception:

Traceback (most recent call last):
  File "/export/home/asifali/Noise_math_data/rl/train_verl.py", line 48, in <module>
    main()
  File "/export/home/asifali/Noise_math_data/rl/train_verl.py", line 45, in main
    verl_main_ppo()
  File "/export/home/asifali/anaconda3/envs/Reasoning360/lib/python3.12/site-packages/hydra/main.py", line 94, in decorated_main
    _run_hydra(
  File "/export/home/asifali/anaconda3/envs/Reasoning360/lib/python3.12/site-packages/hydra/_internal/utils.py", line 394, in _run_hydra
    _run_app(
  File "/export/home/asifali/anaconda3/envs/Reasoning360/lib/python3.12/site-packages/hydra/_internal/utils.py", line 457, in _run_app
    run_and_report(
  File "/export/home/asifali/anaconda3/envs/Reasoning360/lib/python3.12/site-packages/hydra/_internal/utils.py", line 223, in run_and_report
    raise ex
  File "/export/home/asifali/anaconda3/envs/Reasoning360/lib/python3.12/site-packages/hydra/_internal/utils.py", line 220, in run_and_report
    return func()
           ^^^^^^
  File "/export/home/asifali/anaconda3/envs/Reasoning360/lib/python3.12/site-packages/hydra/_internal/utils.py", line 458, in <lambda>
    lambda: hydra.run(
            ^^^^^^^^^^
  File "/export/home/asifali/anaconda3/envs/Reasoning360/lib/python3.12/site-packages/hydra/_internal/hydra.py", line 105, in run
    cfg = self.compose_config(
          ^^^^^^^^^^^^^^^^^^^^
  File "/export/home/asifali/anaconda3/envs/Reasoning360/lib/python3.12/site-packages/hydra/_internal/hydra.py", line 594, in compose_config
    cfg = self.config_loader.load_configuration(
          ^^^^^^^^^^^^^^^^^^^^^^^^^^^^^^^^^^^^^^
  File "/export/home/asifali/anaconda3/envs/Reasoning360/lib/python3.12/site-packages/hydra/_internal/config_loader_impl.py", line 142, in load_configuration
    return self._load_configuration_impl(
           ^^^^^^^^^^^^^^^^^^^^^^^^^^^^^^
  File "/export/home/asifali/anaconda3/envs/Reasoning360/lib/python3.12/site-packages/hydra/_internal/config_loader_impl.py", line 276, in _load_configuration_impl
    ConfigLoaderImpl._apply_overrides_to_config(config_overrides, cfg)
  File "/export/home/asifali/anaconda3/envs/Reasoning360/lib/python3.12/site-packages/hydra/_internal/config_loader_impl.py", line 392, in _apply_overrides_to_config
    raise ConfigCompositionException(
hydra.errors.ConfigCompositionException: Could not override 'actor_rollout_ref.model.lora_adapter_path'.
To append to your config use +actor_rollout_ref.model.lora_adapter_path=/export/home/asifali/Noise_math_data/output_backward/sft_model
Loading safetensors checkpoint shards:   0% Completed | 0/1 [00:00<?, ?it/s]
Loading safetensors checkpoint shards: 100% Completed | 1/1 [00:00<00:00,  1.31it/s]
Loading safetensors checkpoint shards: 100% Completed | 1/1 [00:00<00:00,  1.31it/s]

/cm/local/apps/slurm/var/spool/job266855/slurm_script: line 188: 1954404 Killed                  python "$EVAL_DIR/eval_model.py" --model_path "$OUTPUT_DIR/sft_model" --base_model_path "$MODEL_PATH" --data_path "$OUTPUT_DIR/test.jsonl" --output_dir "$OUTPUT_DIR/eval_result" --max_tokens 256
Traceback (most recent call last):
  File "/export/home/asifali/Noise_math_data/analysis/analyze_results.py", line 107, in <module>
    main()
  File "/export/home/asifali/Noise_math_data/analysis/analyze_results.py", line 98, in main
    results = read_jsonl(args.results_file)
              ^^^^^^^^^^^^^^^^^^^^^^^^^^^^^
  File "/export/home/asifali/Noise_math_data/analysis/analyze_results.py", line 8, in read_jsonl
    with open(path, 'r', encoding='utf-8') as f:
         ^^^^^^^^^^^^^^^^^^^^^^^^^^^^^^^^^
FileNotFoundError: [Errno 2] No such file or directory: '/export/home/asifali/Noise_math_data/output_backward/eval_result/results.jsonl'
